Using pre-set license

 COMMAND LINE ARGUMENTS:
/Applications/Unity/Hub/Editor/2020.2.3f1/Unity.app/Contents/MacOS/Unity
-adb2
-batchMode
-noUpm
-name
AssetImportWorker0
-projectPath
/Users/lulunawoolf/Desktop/GameDev/CapStone/Teleport
-logFile
Logs/AssetImportWorker0.log
-srvPort
60497
Successfully changed project path to: /Users/lulunawoolf/Desktop/GameDev/CapStone/Teleport
/Users/lulunawoolf/Desktop/GameDev/CapStone/Teleport
Using Asset Import Pipeline V2.
Refreshing native plugins compatible for Editor in 150.66 ms, found 1 plugins.
Preloading 0 native plugins for Editor in 0.00 ms.
Initialize engine version: 2020.2.3f1 (8ff31bc5bf5b)
[Subsystems] Discovering subsystems at path /Applications/Unity/Hub/Editor/2020.2.3f1/Unity.app/Contents/Resources/UnitySubsystems
[Subsystems] Discovering subsystems at path /Users/lulunawoolf/Desktop/GameDev/CapStone/Teleport/Assets
GfxDevice: creating device client; threaded=0
2021-09-22 14:53:48.599 Unity[21010:2729422] Color LCD preferred device: Intel(R) Iris(TM) Graphics 6000 (low power)
2021-09-22 14:53:48.599 Unity[21010:2729422] Metal devices available: 1
2021-09-22 14:53:48.600 Unity[21010:2729422] 0: Intel(R) Iris(TM) Graphics 6000 (low power)
2021-09-22 14:53:48.601 Unity[21010:2729422] Using device Intel(R) Iris(TM) Graphics 6000 (low power)
Initializing Metal device caps: Intel(R) Iris(TM) Graphics 6000
Shader 'Universal Render Pipeline/Particles/Lit': fallback shader 'Universal Render Pipeline/Particles/SimpleLit' not found
Initialize mono
Mono path[0] = '/Applications/Unity/Hub/Editor/2020.2.3f1/Unity.app/Contents/Managed'
Mono path[1] = '/Applications/Unity/Hub/Editor/2020.2.3f1/Unity.app/Contents/MonoBleedingEdge/lib/mono/unityjit'
Mono config path = '/Applications/Unity/Hub/Editor/2020.2.3f1/Unity.app/Contents/MonoBleedingEdge/etc'
Using monoOptions --debugger-agent=transport=dt_socket,embedding=1,server=y,suspend=n,address=127.0.0.1:56010
Begin MonoManager ReloadAssembly
Registering precompiled unity dll's ...
Register platform support module: /Applications/Unity/Hub/Editor/2020.2.3f1/Unity.app/Contents/PlaybackEngines/MacStandaloneSupport/UnityEditor.OSXStandalone.Extensions.dll
Registered in 0.004524 seconds.
Native extension for OSXStandalone target not found
Refreshing native plugins compatible for Editor in 112.40 ms, found 1 plugins.
Preloading 0 native plugins for Editor in 0.00 ms.
Invoked RoslynAnalysisRunner static constructor.
RoslynAnalysisRunner will not be running.
RoslynAnalysisRunner has terminated.
Mono: successfully reloaded assembly
- Completed reload, in 22.035 seconds
Platform modules already initialized, skipping
Registering precompiled user dll's ...
Registered in 0.005431 seconds.
